ERROR 2024-08-08 13:58:08,011 views 16344 6123188224 Error occurred: User() got unexpected keyword arguments: 'created_at', 'updated_at'
ERROR 2024-08-08 14:01:55,093 views 16726 6157709312 Error occurred: Python int too large to convert to SQLite INTEGER
ERROR 2024-08-08 14:02:18,405 views 16762 6205501440 Error occurred: User() got unexpected keyword arguments: 'created_at', 'updated_at'
ERROR 2024-08-08 14:05:43,379 views 16794 6164082688 Error occurred: Python int too large to convert to SQLite INTEGER
DEBUG 2024-08-08 14:06:32,633 views 16819 6130200576 New User saved
DEBUG 2024-08-08 14:07:15,701 views 16819 6130200576 users found
DEBUG 2024-08-08 14:19:19,701 views 17210 6122139648 User found
DEBUG 2024-08-08 14:19:36,414 views 17210 6122139648 User found
DEBUG 2024-08-08 14:25:02,997 views 17210 6122139648 Attempting login for username: inbar.shafir@gmail.com
DEBUG 2024-08-08 14:25:02,999 views 17210 6122139648 No user found
DEBUG 2024-08-08 14:25:51,766 views 17210 6122139648 Attempting login for username: inbarshafir
DEBUG 2024-08-08 14:25:51,981 views 17210 6122139648 inbarshafir logged in
DEBUG 2024-08-08 14:48:05,042 views 17936 8716307456 Attempting login for username: testuser
DEBUG 2024-08-08 14:48:05,202 views 17936 8716307456 testuser logged in
DEBUG 2024-08-08 14:48:05,507 views 17936 8716307456 User deleted
DEBUG 2024-08-08 14:48:05,649 views 17936 8716307456 User found
DEBUG 2024-08-08 14:48:05,790 views 17936 8716307456 User updated
DEBUG 2024-08-08 14:52:29,787 views 17984 8716307456 Attempting login for username: testuser
DEBUG 2024-08-08 14:52:29,939 views 17984 8716307456 testuser logged in
DEBUG 2024-08-08 14:52:30,233 views 17984 8716307456 User deleted
DEBUG 2024-08-08 14:52:30,377 views 17984 8716307456 User found
DEBUG 2024-08-08 14:52:30,519 views 17984 8716307456 User updated
DEBUG 2024-08-08 15:01:42,603 views 18241 8716307456 New User saved
DEBUG 2024-08-08 15:01:42,754 views 18241 8716307456 User deleted
DEBUG 2024-08-08 15:01:42,900 views 18241 8716307456 User found
DEBUG 2024-08-08 15:01:43,044 views 18241 8716307456 users found
DEBUG 2024-08-08 15:01:43,191 views 18241 8716307456 Attempting login for username: testuser
DEBUG 2024-08-08 15:01:43,348 views 18241 8716307456 testuser logged in
DEBUG 2024-08-08 15:01:43,647 views 18241 8716307456 User updated
DEBUG 2024-08-08 15:02:06,166 views 18266 8716307456 New User saved
DEBUG 2024-08-08 15:02:06,311 views 18266 8716307456 User deleted
DEBUG 2024-08-08 15:02:06,456 views 18266 8716307456 User found
DEBUG 2024-08-08 15:02:06,603 views 18266 8716307456 users found
DEBUG 2024-08-08 15:02:06,747 views 18266 8716307456 Attempting login for username: testuser
DEBUG 2024-08-08 15:02:06,901 views 18266 8716307456 testuser logged in
DEBUG 2024-08-08 15:02:07,197 views 18266 8716307456 User updated
DEBUG 2024-08-08 15:04:25,680 views 18328 8716307456 New User saved
DEBUG 2024-08-08 15:04:25,824 views 18328 8716307456 User deleted
DEBUG 2024-08-08 15:04:25,969 views 18328 8716307456 User found
DEBUG 2024-08-08 15:04:26,114 views 18328 8716307456 users found
DEBUG 2024-08-08 15:04:26,262 views 18328 8716307456 Attempting login for username: testuser
DEBUG 2024-08-08 15:04:26,418 views 18328 8716307456 testuser logged in
DEBUG 2024-08-08 15:04:26,716 views 18328 8716307456 User updated
DEBUG 2024-08-08 15:05:41,316 views 18373 8716307456 New User saved
DEBUG 2024-08-08 15:05:41,462 views 18373 8716307456 User deleted
DEBUG 2024-08-08 15:05:41,609 views 18373 8716307456 User found
DEBUG 2024-08-08 15:05:41,752 views 18373 8716307456 users found
DEBUG 2024-08-08 15:05:41,898 views 18373 8716307456 Attempting login for username: testuser
DEBUG 2024-08-08 15:05:42,053 views 18373 8716307456 testuser logged in
DEBUG 2024-08-08 15:05:42,348 views 18373 8716307456 user signupuser created
DEBUG 2024-08-08 15:05:42,349 views 18373 8716307456 signupuser logged in
DEBUG 2024-08-08 15:05:42,493 views 18373 8716307456 User updated
DEBUG 2024-08-08 16:51:24,606 views 20012 8716307456 Attempting login for username: testuser
DEBUG 2024-08-08 16:51:24,764 views 20012 8716307456 testuser logged in
DEBUG 2024-08-08 16:51:25,060 views 20012 8716307456 user signupuser created
DEBUG 2024-08-08 16:51:25,061 views 20012 8716307456 signupuser logged in
DEBUG 2024-08-08 16:55:54,443 views 20135 6106574848 User found
DEBUG 2024-08-08 16:59:44,799 views 20135 6106574848 User found
DEBUG 2024-08-08 16:59:46,397 views 20135 6106574848 User found
DEBUG 2024-08-08 17:00:02,708 views 20135 6106574848 User found
DEBUG 2024-08-08 17:00:03,883 views 20135 6106574848 User found
DEBUG 2024-08-08 17:00:05,936 views 20135 6106574848 User found
DEBUG 2024-08-08 17:00:06,402 views 20135 6106574848 User found
DEBUG 2024-08-08 17:00:06,776 views 20135 6106574848 User found
DEBUG 2024-08-08 17:00:07,298 views 20135 6106574848 User found
DEBUG 2024-08-08 17:00:07,945 views 20135 6106574848 User found
DEBUG 2024-08-08 17:00:08,546 views 20135 6106574848 User found
DEBUG 2024-08-08 17:00:09,203 views 20135 6106574848 User found
DEBUG 2024-08-08 17:00:35,614 views 20135 6106574848 User found
DEBUG 2024-08-08 17:00:42,434 views 20135 6106574848 User found
DEBUG 2024-08-08 17:04:11,540 views 20135 6106574848 User found
DEBUG 2024-08-08 17:04:46,275 views 20135 6106574848 User found
DEBUG 2024-08-08 17:07:52,473 views 20135 6106574848 User found
DEBUG 2024-08-08 17:18:54,493 views 20743 6175158272 User found
DEBUG 2024-08-08 17:19:36,983 views 20743 6175158272 User found
DEBUG 2024-08-08 17:37:25,023 views 21242 6179172352 user username created
DEBUG 2024-08-08 17:37:25,028 views 21242 6179172352 username logged in
DEBUG 2024-08-08 17:38:15,727 views 21242 6179172352 Attempting login for username: username
DEBUG 2024-08-08 17:39:26,914 views 21242 6179172352 Attempting login for username: username
DEBUG 2024-08-08 17:39:37,453 views 21310 6114488320 Attempting login for username: username
DEBUG 2024-08-08 17:39:37,609 views 21310 6114488320 username logged in
DEBUG 2024-08-08 17:40:33,354 views 21310 6114488320 User found
ERROR 2024-08-08 17:40:57,566 views 21310 6114488320 Error occurred: UNIQUE constraint failed: auth_user.username
DEBUG 2024-08-08 17:41:10,936 views 21310 6114488320 User deleted
DEBUG 2024-08-08 17:55:09,685 views 21310 6114488320 No user found
DEBUG 2024-08-08 17:55:13,610 views 21310 6114488320 No user found
DEBUG 2024-08-08 17:55:17,273 views 21310 6114488320 User found
DEBUG 2024-08-08 17:56:00,506 views 21310 6114488320 User updated
